<?xml version="1.0" encoding="UTF-8"?>
<!-- Generated by org.testng.reporters.JUnitReportReporter -->
<testsuite hostname="DESKTOP-VE506JI" failures="0" tests="1" name="Login.LoginTest" time="136.546" errors="0" timestamp="2023-10-20T23:25:13 EET" skipped="0">
  <testcase classname="Login.LoginTest" name="validLogin" time="136.546"/>
</testsuite> <!-- Login.LoginTest -->
