<?xml version="1.0" encoding="UTF-8"?>
<!-- Generated by org.testng.reporters.JUnitReportReporter -->
<testsuite hostname="DESKTOP-VE506JI" failures="0" tests="1" name="Login.LoginTest" time="83.684" errors="0" timestamp="2023-10-20T23:50:21 EET" skipped="0">
  <testcase classname="Login.LoginTest" name="validLogin" time="83.684"/>
</testsuite> <!-- Login.LoginTest -->
